<?xml version="1.0" encoding="UTF-8"?>
<testsuites name="Mocha Tests" time="6.402" tests="1" failures="1">
  <testsuite name="Root Suite" timestamp="2025-11-04T21:19:01" tests="1" file="cypress\e2e\duplicate.cy.ts" time="6.399" failures="1">
    <testcase name="blockt Duplikat am selben Tag" time="0.000" classname="blockt Duplikat am selben Tag">
      <failure message="Timed out retrying after 4000ms: Expected to find element: `input[placeholder=&quot;Patient&quot;]`, but never found it." type="AssertionError"><![CDATA[AssertionError: Timed out retrying after 4000ms: Expected to find element: `input[placeholder="Patient"]`, but never found it.
    at fill (webpack://frontend/./cypress/e2e/duplicate.cy.ts:14:7)
    at Context.eval (webpack://frontend/./cypress/e2e/duplicate.cy.ts:21:2)]]></failure>
    </testcase>
  </testsuite>
</testsuites>