<?xml version="1.0" encoding="UTF-8"?>
<testsuites name="Mocha Tests" time="4.528" tests="1" failures="1">
  <testsuite name="Root Suite" timestamp="2025-11-04T21:19:15" tests="1" file="cypress\e2e\form.cy.ts" time="4.527" failures="1">
    <testcase name="zeigt Validierungswarnung bei fehlender Dosierung" time="0.000" classname="zeigt Validierungswarnung bei fehlender Dosierung">
      <failure message="Timed out retrying after 4000ms: Expected to find content: &apos;Login&apos; but never did." type="AssertionError"><![CDATA[AssertionError: Timed out retrying after 4000ms: Expected to find content: 'Login' but never did.
    at Context.eval (webpack://frontend/./cypress/e2e/form.cy.ts:9:5)]]></failure>
    </testcase>
  </testsuite>
</testsuites>