<?xml version="1.0" encoding="UTF-8"?>
<testsuites name="Mocha Tests" time="4.681" tests="1" failures="1">
  <testsuite name="Root Suite" timestamp="2025-11-04T21:19:09" tests="1" file="cypress\e2e\errors.cy.ts" time="4.680" failures="1">
    <testcase name="blockt Menge &lt;= 0" time="0.000" classname="blockt Menge &lt;= 0">
      <failure message="Timed out retrying after 4000ms: Expected to find content: &apos;Login&apos; but never did." type="AssertionError"><![CDATA[AssertionError: Timed out retrying after 4000ms: Expected to find content: 'Login' but never did.
    at Context.eval (webpack://frontend/./cypress/e2e/errors.cy.ts:7:5)]]></failure>
    </testcase>
  </testsuite>
</testsuites>